<?xml version="1.0" encoding="UTF-8"?>
<!-- Generated by org.testng.reporters.JUnitXMLReporter -->
<testsuite hostname="A09506" ignored="0" name="Default test" tests="2" failures="0" timestamp="2020-01-23T18:13:36 CET" time="0.036" errors="0">
  <testcase name="ConseillerConnecteModfieAdresseAvecOuSansCondition" time="0.01" classname="unit.ModifAdresseTest"/>
  <testcase name="UnAbonneAvecAdressePrincileActiveEnFrance" time="0.001" classname="unit.ModifAdresseTest"/>
</testsuite> <!-- Default test -->
